2025-09-13 10:02:15,604 - INFO - Flask application initialized with session configuration
2025-09-13 10:02:15,612 - INFO - Application startup initiated
2025-09-13 10:02:15,614 - INFO - Environment variables loaded from .env file
2025-09-13 10:02:15,615 - INFO - Database environment: local
2025-09-13 10:02:15,615 - INFO - Database URI configured for local: mysql+pymysql://root:***@localhost:3307/e_class_record
2025-09-13 10:02:15,736 - INFO - Database initialized with Flask app
2025-09-13 10:02:15,736 - INFO - Starting database initialization...
2025-09-13 10:02:15,736 - INFO - Testing database connection...
2025-09-13 10:02:15,751 - INFO - ✅ Database connection successful!
2025-09-13 10:02:15,751 - INFO - Creating database tables...
2025-09-13 10:02:15,790 - INFO - ✅ Database tables created successfully!
2025-09-13 10:02:15,790 - INFO - 🚀 Starting Flask application...
2025-09-13 10:02:15,867 - INFO - [31m[1mWARNING: This is a development server. Do not use it in a production deployment. Use a production WSGI server instead.[0m
 * Running on http://127.0.0.1:5000
2025-09-13 10:02:15,867 - INFO - [33mPress CTRL+C to quit[0m
2025-09-13 10:02:15,870 - INFO -  * Restarting with stat
2025-09-13 10:02:16,629 - INFO - Flask application initialized with session configuration
2025-09-13 10:02:16,640 - INFO - Application startup initiated
2025-09-13 10:02:16,643 - INFO - Environment variables loaded from .env file
2025-09-13 10:02:16,644 - INFO - Database environment: local
2025-09-13 10:02:16,644 - INFO - Database URI configured for local: mysql+pymysql://root:***@localhost:3307/e_class_record
2025-09-13 10:02:16,771 - INFO - Database initialized with Flask app
2025-09-13 10:02:16,771 - INFO - Starting database initialization...
2025-09-13 10:02:16,771 - INFO - Testing database connection...
2025-09-13 10:02:16,786 - INFO - ✅ Database connection successful!
2025-09-13 10:02:16,786 - INFO - Creating database tables...
2025-09-13 10:02:16,830 - INFO - ✅ Database tables created successfully!
2025-09-13 10:02:16,830 - INFO - 🚀 Starting Flask application...
2025-09-13 10:02:16,853 - WARNING -  * Debugger is active!
2025-09-13 10:02:16,859 - INFO -  * Debugger PIN: 695-259-473
2025-09-13 10:02:37,173 - INFO -  * Detected change in 'c:\\Users\\maday\\PROJECTS\\E-CLASS-RECORD\\project02-main\\app.py', reloading
2025-09-13 10:02:37,266 - INFO -  * Restarting with stat
2025-09-13 10:02:38,078 - INFO - Flask application initialized with session configuration
2025-09-13 10:02:38,084 - INFO - Application startup initiated
2025-09-13 10:02:38,086 - INFO - Environment variables loaded from .env file
2025-09-13 10:02:38,086 - INFO - Database environment: local
2025-09-13 10:02:38,086 - INFO - Database URI configured for local: mysql+pymysql://root:***@localhost:3307/e_class_record
2025-09-13 10:02:38,185 - INFO - Database initialized with Flask app
2025-09-13 10:02:38,185 - INFO - Starting database initialization...
2025-09-13 10:02:38,185 - INFO - Testing database connection...
2025-09-13 10:02:38,198 - INFO - ✅ Database connection successful!
2025-09-13 10:02:38,199 - INFO - Creating database tables...
2025-09-13 10:02:38,242 - INFO - ✅ Database tables created successfully!
2025-09-13 10:02:38,242 - INFO - 🚀 Starting Flask application...
2025-09-13 10:02:38,273 - WARNING -  * Debugger is active!
2025-09-13 10:02:38,282 - INFO -  * Debugger PIN: 695-259-473
2025-09-13 10:02:47,182 - INFO - Flask application initialized with session configuration
2025-09-13 10:02:53,527 - INFO -  * Detected change in 'c:\\Users\\maday\\PROJECTS\\E-CLASS-RECORD\\project02-main\\app.py', reloading
2025-09-13 10:02:53,618 - INFO -  * Restarting with stat
2025-09-13 10:02:54,394 - INFO - Flask application initialized with session configuration
2025-09-13 10:02:54,401 - INFO - Application startup initiated
2025-09-13 10:02:54,403 - INFO - Environment variables loaded from .env file
2025-09-13 10:02:54,403 - INFO - Database environment: local
2025-09-13 10:02:54,403 - INFO - Database URI configured for local: mysql+pymysql://root:***@localhost:3307/e_class_record
2025-09-13 10:02:54,528 - INFO - Database initialized with Flask app
2025-09-13 10:02:54,528 - INFO - Starting database initialization...
2025-09-13 10:02:54,528 - INFO - Testing database connection...
2025-09-13 10:02:54,543 - INFO - ✅ Database connection successful!
2025-09-13 10:02:54,543 - INFO - Creating database tables...
2025-09-13 10:02:54,598 - INFO - ✅ Database tables created successfully!
2025-09-13 10:02:54,598 - INFO - 🚀 Starting Flask application...
2025-09-13 10:02:54,623 - WARNING -  * Debugger is active!
2025-09-13 10:02:54,633 - INFO -  * Debugger PIN: 695-259-473
2025-09-13 10:02:55,679 - INFO -  * Detected change in 'c:\\Users\\maday\\PROJECTS\\E-CLASS-RECORD\\project02-main\\app.py', reloading
2025-09-13 10:02:55,771 - INFO -  * Restarting with stat
2025-09-13 10:02:56,612 - INFO - Flask application initialized with session configuration
2025-09-13 10:02:56,618 - INFO - Application startup initiated
2025-09-13 10:02:56,620 - INFO - Environment variables loaded from .env file
2025-09-13 10:02:56,620 - INFO - Database environment: local
2025-09-13 10:02:56,620 - INFO - Database URI configured for local: mysql+pymysql://root:***@localhost:3307/e_class_record
2025-09-13 10:02:56,714 - INFO - Database initialized with Flask app
2025-09-13 10:02:56,714 - INFO - Starting database initialization...
2025-09-13 10:02:56,714 - INFO - Testing database connection...
2025-09-13 10:02:56,727 - INFO - ✅ Database connection successful!
2025-09-13 10:02:56,727 - INFO - Creating database tables...
2025-09-13 10:02:56,769 - INFO - ✅ Database tables created successfully!
2025-09-13 10:02:56,769 - INFO - 🚀 Starting Flask application...
2025-09-13 10:02:56,791 - WARNING -  * Debugger is active!
2025-09-13 10:02:56,796 - INFO -  * Debugger PIN: 695-259-473
2025-09-13 10:02:59,865 - INFO -  * Detected change in 'c:\\Users\\maday\\PROJECTS\\E-CLASS-RECORD\\project02-main\\app.py', reloading
2025-09-13 10:02:59,954 - INFO -  * Restarting with stat
2025-09-13 10:03:00,778 - INFO - Flask application initialized with session configuration
2025-09-13 10:03:00,784 - INFO - Application startup initiated
2025-09-13 10:03:00,786 - INFO - Environment variables loaded from .env file
2025-09-13 10:03:00,786 - INFO - Database environment: local
2025-09-13 10:03:00,786 - INFO - Database URI configured for local: mysql+pymysql://root:***@localhost:3307/e_class_record
2025-09-13 10:03:00,885 - INFO - Database initialized with Flask app
2025-09-13 10:03:00,885 - INFO - Starting database initialization...
2025-09-13 10:03:00,885 - INFO - Testing database connection...
2025-09-13 10:03:00,907 - INFO - ✅ Database connection successful!
2025-09-13 10:03:00,907 - INFO - Creating database tables...
2025-09-13 10:03:00,950 - INFO - ✅ Database tables created successfully!
2025-09-13 10:03:00,951 - INFO - 🚀 Starting Flask application...
2025-09-13 10:03:00,976 - WARNING -  * Debugger is active!
2025-09-13 10:03:00,982 - INFO -  * Debugger PIN: 695-259-473
2025-09-13 10:04:19,154 - INFO -  * Detected change in 'c:\\Users\\maday\\PROJECTS\\E-CLASS-RECORD\\project02-main\\db_conn.py', reloading
2025-09-13 10:04:19,275 - INFO -  * Restarting with stat
2025-09-13 10:04:20,114 - INFO - Flask application initialized with session configuration
2025-09-13 10:04:20,121 - INFO - Application startup initiated
2025-09-13 10:04:20,123 - INFO - Environment variables loaded from .env file
2025-09-13 10:04:20,123 - INFO - Database environment: local
2025-09-13 10:04:20,123 - INFO - Database URI configured for local: mysql+pymysql://root:***@localhost:3307/e_class_record
2025-09-13 10:04:20,282 - INFO - Database initialized with Flask app
2025-09-13 10:04:20,283 - INFO - Starting database initialization...
2025-09-13 10:04:20,283 - INFO - Testing database connection...
2025-09-13 10:04:20,297 - INFO - ✅ Database connection successful!
2025-09-13 10:04:20,298 - INFO - Creating database tables...
2025-09-13 10:04:20,337 - INFO - ✅ Database tables created successfully!
2025-09-13 10:04:20,337 - INFO - 🚀 Starting Flask application...
2025-09-13 10:04:20,360 - WARNING -  * Debugger is active!
2025-09-13 10:04:20,368 - INFO -  * Debugger PIN: 695-259-473
2025-09-13 10:04:33,726 - INFO - Flask application initialized with session configuration
2025-09-13 10:04:56,905 - INFO -  * Detected change in 'c:\\Users\\maday\\PROJECTS\\E-CLASS-RECORD\\project02-main\\create_admin.py', reloading
2025-09-13 10:04:56,997 - INFO -  * Restarting with stat
2025-09-13 10:04:57,800 - INFO - Flask application initialized with session configuration
2025-09-13 10:04:57,806 - INFO - Application startup initiated
2025-09-13 10:04:57,809 - INFO - Environment variables loaded from .env file
2025-09-13 10:04:57,809 - INFO - Database environment: local
2025-09-13 10:04:57,809 - INFO - Database URI configured for local: mysql+pymysql://root:***@localhost:3307/e_class_record
2025-09-13 10:04:57,918 - INFO - Database initialized with Flask app
2025-09-13 10:04:57,918 - INFO - Starting database initialization...
2025-09-13 10:04:57,918 - INFO - Testing database connection...
2025-09-13 10:04:57,932 - INFO - ✅ Database connection successful!
2025-09-13 10:04:57,932 - INFO - Creating database tables...
2025-09-13 10:04:57,978 - INFO - ✅ Database tables created successfully!
2025-09-13 10:04:57,978 - INFO - 🚀 Starting Flask application...
2025-09-13 10:04:58,001 - WARNING -  * Debugger is active!
2025-09-13 10:04:58,007 - INFO -  * Debugger PIN: 695-259-473
2025-09-13 10:05:08,182 - INFO -  * Detected change in 'c:\\Users\\maday\\PROJECTS\\E-CLASS-RECORD\\project02-main\\test_db_init.py', reloading
2025-09-13 10:05:08,269 - INFO -  * Restarting with stat
2025-09-13 10:05:09,059 - INFO - Flask application initialized with session configuration
2025-09-13 10:05:09,065 - INFO - Application startup initiated
2025-09-13 10:05:09,067 - INFO - Environment variables loaded from .env file
2025-09-13 10:05:09,067 - INFO - Database environment: local
2025-09-13 10:05:09,067 - INFO - Database URI configured for local: mysql+pymysql://root:***@localhost:3307/e_class_record
2025-09-13 10:05:09,261 - INFO - Database initialized with Flask app
2025-09-13 10:05:09,262 - INFO - Starting database initialization...
2025-09-13 10:05:09,262 - INFO - Testing database connection...
2025-09-13 10:05:09,287 - INFO - ✅ Database connection successful!
2025-09-13 10:05:09,287 - INFO - Creating database tables...
2025-09-13 10:05:09,331 - INFO - ✅ Database tables created successfully!
2025-09-13 10:05:09,331 - INFO - 🚀 Starting Flask application...
2025-09-13 10:05:09,358 - WARNING -  * Debugger is active!
2025-09-13 10:05:09,366 - INFO -  * Debugger PIN: 695-259-473
2025-09-13 10:05:19,955 - INFO - Flask application initialized with session configuration
2025-09-13 10:05:19,965 - INFO - Environment variables loaded from .env file
2025-09-13 10:05:19,965 - INFO - Database environment: local
2025-09-13 10:05:19,966 - INFO - Database URI configured for local: mysql+pymysql://root:***@localhost:3307/e_class_record
2025-09-13 10:05:20,085 - INFO - Database initialized with Flask app
2025-09-13 10:05:20,085 - INFO - Starting database initialization...
2025-09-13 10:05:20,085 - INFO - Testing database connection...
2025-09-13 10:05:20,107 - INFO - ✅ Database connection successful!
2025-09-13 10:05:20,107 - INFO - Creating database tables...
2025-09-13 10:05:20,158 - INFO - ✅ Database tables created successfully!
2025-09-13 10:05:31,759 - INFO -  * Detected change in 'c:\\Users\\maday\\PROJECTS\\E-CLASS-RECORD\\project02-main\\test_db_init.py', reloading
2025-09-13 10:05:31,848 - INFO -  * Restarting with stat
2025-09-13 10:05:32,622 - INFO - Flask application initialized with session configuration
2025-09-13 10:05:32,627 - INFO - Application startup initiated
2025-09-13 10:05:32,629 - INFO - Environment variables loaded from .env file
2025-09-13 10:05:32,629 - INFO - Database environment: local
2025-09-13 10:05:32,629 - INFO - Database URI configured for local: mysql+pymysql://root:***@localhost:3307/e_class_record
2025-09-13 10:05:32,725 - INFO - Database initialized with Flask app
2025-09-13 10:05:32,725 - INFO - Starting database initialization...
2025-09-13 10:05:32,725 - INFO - Testing database connection...
2025-09-13 10:05:32,736 - INFO - ✅ Database connection successful!
2025-09-13 10:05:32,736 - INFO - Creating database tables...
2025-09-13 10:05:32,780 - INFO - ✅ Database tables created successfully!
2025-09-13 10:05:32,780 - INFO - 🚀 Starting Flask application...
2025-09-13 10:05:32,801 - WARNING -  * Debugger is active!
2025-09-13 10:05:32,808 - INFO -  * Debugger PIN: 695-259-473
2025-09-13 10:05:33,842 - INFO -  * Detected change in 'c:\\Users\\maday\\PROJECTS\\E-CLASS-RECORD\\project02-main\\test_db_init.py', reloading
2025-09-13 10:05:33,938 - INFO -  * Restarting with stat
2025-09-13 10:05:34,772 - INFO - Flask application initialized with session configuration
2025-09-13 10:05:34,778 - INFO - Application startup initiated
2025-09-13 10:05:34,780 - INFO - Environment variables loaded from .env file
2025-09-13 10:05:34,780 - INFO - Database environment: local
2025-09-13 10:05:34,780 - INFO - Database URI configured for local: mysql+pymysql://root:***@localhost:3307/e_class_record
2025-09-13 10:05:34,910 - INFO - Database initialized with Flask app
2025-09-13 10:05:34,910 - INFO - Starting database initialization...
2025-09-13 10:05:34,910 - INFO - Testing database connection...
2025-09-13 10:05:34,922 - INFO - ✅ Database connection successful!
2025-09-13 10:05:34,922 - INFO - Creating database tables...
2025-09-13 10:05:34,959 - INFO - ✅ Database tables created successfully!
2025-09-13 10:05:34,960 - INFO - 🚀 Starting Flask application...
2025-09-13 10:05:34,981 - WARNING -  * Debugger is active!
2025-09-13 10:05:34,987 - INFO -  * Debugger PIN: 695-259-473
2025-09-13 10:05:42,253 - INFO - Flask application initialized with session configuration
2025-09-13 10:05:42,259 - INFO - Application startup initiated
2025-09-13 10:05:42,263 - INFO - Environment variables loaded from .env file
2025-09-13 10:05:42,263 - INFO - Database environment: local
2025-09-13 10:05:42,264 - INFO - Database URI configured for local: mysql+pymysql://root:***@localhost:3307/e_class_record
2025-09-13 10:05:42,360 - INFO - Database initialized with Flask app
2025-09-13 10:05:42,361 - INFO - Starting database initialization...
2025-09-13 10:05:42,361 - INFO - Testing database connection...
2025-09-13 10:05:42,375 - INFO - ✅ Database connection successful!
2025-09-13 10:05:42,375 - INFO - Creating database tables...
2025-09-13 10:05:42,424 - INFO - ✅ Database tables created successfully!
2025-09-13 10:05:42,424 - INFO - 🚀 Starting Flask application...
2025-09-13 10:05:42,465 - INFO - [31m[1mWARNING: This is a development server. Do not use it in a production deployment. Use a production WSGI server instead.[0m
 * Running on http://127.0.0.1:5000
2025-09-13 10:05:42,466 - INFO - [33mPress CTRL+C to quit[0m
2025-09-13 10:05:42,468 - INFO -  * Restarting with stat
2025-09-13 10:05:43,252 - INFO - Flask application initialized with session configuration
2025-09-13 10:05:43,258 - INFO - Application startup initiated
2025-09-13 10:05:43,261 - INFO - Environment variables loaded from .env file
2025-09-13 10:05:43,261 - INFO - Database environment: local
2025-09-13 10:05:43,261 - INFO - Database URI configured for local: mysql+pymysql://root:***@localhost:3307/e_class_record
2025-09-13 10:05:43,361 - INFO - Database initialized with Flask app
2025-09-13 10:05:43,361 - INFO - Starting database initialization...
2025-09-13 10:05:43,361 - INFO - Testing database connection...
2025-09-13 10:05:43,373 - INFO - ✅ Database connection successful!
2025-09-13 10:05:43,374 - INFO - Creating database tables...
2025-09-13 10:05:43,412 - INFO - ✅ Database tables created successfully!
2025-09-13 10:05:43,412 - INFO - 🚀 Starting Flask application...
2025-09-13 10:05:43,435 - WARNING -  * Debugger is active!
2025-09-13 10:05:43,444 - INFO -  * Debugger PIN: 695-259-473
2025-09-13 10:05:45,604 - INFO - Home page accessed
2025-09-13 10:05:45,739 - INFO - 127.0.0.1 - - [13/Sep/2025 10:05:45] "GET / HTTP/1.1" 200 -
2025-09-13 10:05:46,044 - INFO - 127.0.0.1 - - [13/Sep/2025 10:05:46] "GET /static/images/ccsict.png HTTP/1.1" 200 -
2025-09-13 10:05:46,066 - INFO - 127.0.0.1 - - [13/Sep/2025 10:05:46] "GET /static/css/styles.css HTTP/1.1" 200 -
2025-09-13 10:05:46,088 - INFO - 127.0.0.1 - - [13/Sep/2025 10:05:46] "GET /static/js/helpers.js HTTP/1.1" 200 -
2025-09-13 10:05:46,090 - INFO - 127.0.0.1 - - [13/Sep/2025 10:05:46] "GET /static/js/main.js HTTP/1.1" 200 -
2025-09-13 10:05:46,101 - INFO - 127.0.0.1 - - [13/Sep/2025 10:05:46] "GET /static/images/isu.png HTTP/1.1" 200 -
2025-09-13 10:05:54,813 - INFO - Flask application initialized with session configuration
2025-09-13 10:05:54,826 - INFO - Environment variables loaded from .env file
2025-09-13 10:05:54,827 - INFO - Database environment: local
2025-09-13 10:05:54,827 - INFO - Database URI configured for local: mysql+pymysql://root:***@localhost:3307/e_class_record
2025-09-13 10:05:54,963 - INFO - Database initialized with Flask app
2025-09-13 10:05:54,963 - INFO - Starting database initialization...
2025-09-13 10:05:54,963 - INFO - Testing database connection...
2025-09-13 10:05:54,980 - INFO - ✅ Database connection successful!
2025-09-13 10:05:54,980 - INFO - Creating database tables...
2025-09-13 10:05:55,043 - INFO - ✅ Database tables created successfully!
2025-09-13 10:06:29,202 - INFO -  * Detected change in 'c:\\Users\\maday\\PROJECTS\\E-CLASS-RECORD\\project02-main\\test_db_init.py', reloading
2025-09-13 10:06:29,305 - INFO -  * Restarting with stat
2025-09-13 10:06:29,454 - INFO -  * Detected change in 'C:\\Users\\maday\\PROJECTS\\E-CLASS-RECORD\\project02-main\\test_db_init.py', reloading
2025-09-13 10:06:29,584 - INFO -  * Restarting with stat
2025-09-13 10:06:30,228 - INFO - Flask application initialized with session configuration
2025-09-13 10:06:30,234 - INFO - Application startup initiated
2025-09-13 10:06:30,237 - INFO - Environment variables loaded from .env file
2025-09-13 10:06:30,237 - INFO - Database environment: local
2025-09-13 10:06:30,237 - INFO - Database URI configured for local: mysql+pymysql://root:***@localhost:3307/e_class_record
2025-09-13 10:06:30,354 - INFO - Database initialized with Flask app
2025-09-13 10:06:30,354 - INFO - Starting database initialization...
2025-09-13 10:06:30,354 - INFO - Testing database connection...
2025-09-13 10:06:30,368 - INFO - ✅ Database connection successful!
2025-09-13 10:06:30,368 - INFO - Creating database tables...
2025-09-13 10:06:30,415 - INFO - ✅ Database tables created successfully!
2025-09-13 10:06:30,416 - INFO - 🚀 Starting Flask application...
2025-09-13 10:06:30,443 - WARNING -  * Debugger is active!
2025-09-13 10:06:30,453 - INFO -  * Debugger PIN: 695-259-473
2025-09-13 10:06:30,492 - INFO - Flask application initialized with session configuration
2025-09-13 10:06:30,499 - INFO - Application startup initiated
2025-09-13 10:06:30,501 - INFO - Environment variables loaded from .env file
2025-09-13 10:06:30,501 - INFO - Database environment: local
2025-09-13 10:06:30,501 - INFO - Database URI configured for local: mysql+pymysql://root:***@localhost:3307/e_class_record
2025-09-13 10:06:30,607 - INFO - Database initialized with Flask app
2025-09-13 10:06:30,607 - INFO - Starting database initialization...
2025-09-13 10:06:30,607 - INFO - Testing database connection...
2025-09-13 10:06:30,622 - INFO - ✅ Database connection successful!
2025-09-13 10:06:30,622 - INFO - Creating database tables...
2025-09-13 10:06:30,667 - INFO - ✅ Database tables created successfully!
2025-09-13 10:06:30,667 - INFO - 🚀 Starting Flask application...
2025-09-13 10:06:30,690 - WARNING -  * Debugger is active!
2025-09-13 10:06:30,699 - INFO -  * Debugger PIN: 695-259-473
2025-09-13 10:06:32,508 - INFO -  * Detected change in 'c:\\Users\\maday\\PROJECTS\\E-CLASS-RECORD\\project02-main\\test_db_init.py', reloading
2025-09-13 10:06:32,609 - INFO -  * Restarting with stat
2025-09-13 10:06:32,759 - INFO -  * Detected change in 'C:\\Users\\maday\\PROJECTS\\E-CLASS-RECORD\\project02-main\\test_db_init.py', reloading
2025-09-13 10:06:32,883 - INFO -  * Restarting with stat
2025-09-13 10:06:33,506 - INFO - Flask application initialized with session configuration
2025-09-13 10:06:33,513 - INFO - Application startup initiated
2025-09-13 10:06:33,515 - INFO - Environment variables loaded from .env file
2025-09-13 10:06:33,515 - INFO - Database environment: local
2025-09-13 10:06:33,515 - INFO - Database URI configured for local: mysql+pymysql://root:***@localhost:3307/e_class_record
2025-09-13 10:06:33,624 - INFO - Database initialized with Flask app
2025-09-13 10:06:33,624 - INFO - Starting database initialization...
2025-09-13 10:06:33,624 - INFO - Testing database connection...
2025-09-13 10:06:33,640 - INFO - ✅ Database connection successful!
2025-09-13 10:06:33,640 - INFO - Creating database tables...
2025-09-13 10:06:33,689 - INFO - ✅ Database tables created successfully!
2025-09-13 10:06:33,689 - INFO - 🚀 Starting Flask application...
2025-09-13 10:06:33,720 - WARNING -  * Debugger is active!
2025-09-13 10:06:33,728 - INFO -  * Debugger PIN: 695-259-473
2025-09-13 10:06:33,755 - INFO - Flask application initialized with session configuration
2025-09-13 10:06:33,762 - INFO - Application startup initiated
2025-09-13 10:06:33,765 - INFO - Environment variables loaded from .env file
2025-09-13 10:06:33,765 - INFO - Database environment: local
2025-09-13 10:06:33,765 - INFO - Database URI configured for local: mysql+pymysql://root:***@localhost:3307/e_class_record
2025-09-13 10:06:33,861 - INFO - Database initialized with Flask app
2025-09-13 10:06:33,861 - INFO - Starting database initialization...
2025-09-13 10:06:33,861 - INFO - Testing database connection...
2025-09-13 10:06:33,873 - INFO - ✅ Database connection successful!
2025-09-13 10:06:33,873 - INFO - Creating database tables...
2025-09-13 10:06:33,905 - INFO - ✅ Database tables created successfully!
2025-09-13 10:06:33,905 - INFO - 🚀 Starting Flask application...
2025-09-13 10:06:33,929 - WARNING -  * Debugger is active!
2025-09-13 10:06:33,938 - INFO -  * Debugger PIN: 695-259-473
2025-09-13 10:06:34,765 - INFO -  * Detected change in 'c:\\Users\\maday\\PROJECTS\\E-CLASS-RECORD\\project02-main\\test_db_init.py', reloading
2025-09-13 10:06:34,867 - INFO -  * Restarting with stat
2025-09-13 10:06:35,665 - INFO - Flask application initialized with session configuration
2025-09-13 10:06:35,671 - INFO - Application startup initiated
2025-09-13 10:06:35,672 - INFO - Environment variables loaded from .env file
2025-09-13 10:06:35,672 - INFO - Database environment: local
2025-09-13 10:06:35,673 - INFO - Database URI configured for local: mysql+pymysql://root:***@localhost:3307/e_class_record
2025-09-13 10:06:35,757 - INFO - Database initialized with Flask app
2025-09-13 10:06:35,758 - INFO - Starting database initialization...
2025-09-13 10:06:35,758 - INFO - Testing database connection...
2025-09-13 10:06:35,770 - INFO - ✅ Database connection successful!
2025-09-13 10:06:35,770 - INFO - Creating database tables...
2025-09-13 10:06:35,813 - INFO - ✅ Database tables created successfully!
2025-09-13 10:06:35,813 - INFO - 🚀 Starting Flask application...
2025-09-13 10:06:35,833 - WARNING -  * Debugger is active!
2025-09-13 10:06:35,839 - INFO -  * Debugger PIN: 695-259-473
2025-09-13 10:11:14,269 - INFO -  * Detected change in 'C:\\Users\\maday\\PROJECTS\\E-CLASS-RECORD\\project02-main\\data_inserter.py', reloading
2025-09-13 10:11:14,365 - INFO -  * Restarting with stat
2025-09-13 10:11:15,113 - INFO -  * Detected change in 'c:\\Users\\maday\\PROJECTS\\E-CLASS-RECORD\\project02-main\\data_inserter.py', reloading
2025-09-13 10:11:15,132 - INFO - Flask application initialized with session configuration
2025-09-13 10:11:15,138 - INFO - Application startup initiated
2025-09-13 10:11:15,142 - INFO - Environment variables loaded from .env file
2025-09-13 10:11:15,142 - INFO - Database environment: local
2025-09-13 10:11:15,143 - INFO - Database URI configured for local: mysql+pymysql://root:***@localhost:3307/e_class_record
2025-09-13 10:11:15,214 - INFO -  * Restarting with stat
2025-09-13 10:11:15,267 - INFO - Database initialized with Flask app
2025-09-13 10:11:15,267 - INFO - Starting database initialization...
2025-09-13 10:11:15,268 - INFO - Testing database connection...
2025-09-13 10:11:15,283 - INFO - ✅ Database connection successful!
2025-09-13 10:11:15,283 - INFO - Creating database tables...
2025-09-13 10:11:15,366 - INFO - ✅ Database tables created successfully!
2025-09-13 10:11:15,368 - INFO - 🚀 Starting Flask application...
2025-09-13 10:11:15,405 - WARNING -  * Debugger is active!
2025-09-13 10:11:15,419 - INFO -  * Debugger PIN: 695-259-473
2025-09-13 10:11:16,122 - INFO - Flask application initialized with session configuration
2025-09-13 10:11:16,129 - INFO - Application startup initiated
2025-09-13 10:11:16,131 - INFO - Environment variables loaded from .env file
2025-09-13 10:11:16,131 - INFO - Database environment: local
2025-09-13 10:11:16,131 - INFO - Database URI configured for local: mysql+pymysql://root:***@localhost:3307/e_class_record
2025-09-13 10:11:16,231 - INFO - Database initialized with Flask app
2025-09-13 10:11:16,231 - INFO - Starting database initialization...
2025-09-13 10:11:16,231 - INFO - Testing database connection...
2025-09-13 10:11:16,244 - INFO - ✅ Database connection successful!
2025-09-13 10:11:16,244 - INFO - Creating database tables...
2025-09-13 10:11:16,282 - INFO - ✅ Database tables created successfully!
2025-09-13 10:11:16,282 - INFO - 🚀 Starting Flask application...
2025-09-13 10:11:16,306 - WARNING -  * Debugger is active!
2025-09-13 10:11:16,312 - INFO -  * Debugger PIN: 695-259-473
2025-09-13 10:11:27,836 - INFO - Flask application initialized with session configuration
2025-09-13 10:11:27,848 - INFO - Environment variables loaded from .env file
2025-09-13 10:11:27,849 - INFO - Database environment: local
2025-09-13 10:11:27,849 - INFO - Database URI configured for local: mysql+pymysql://root:***@localhost:3307/e_class_record
2025-09-13 10:11:27,966 - INFO - Database initialized with Flask app
2025-09-13 10:11:27,966 - INFO - Starting database initialization...
2025-09-13 10:11:27,966 - INFO - Testing database connection...
2025-09-13 10:11:27,996 - INFO - ✅ Database connection successful!
2025-09-13 10:11:27,996 - INFO - Creating database tables...
2025-09-13 10:11:28,047 - INFO - ✅ Database tables created successfully!
2025-09-13 10:11:38,909 - INFO -  * Detected change in 'C:\\Users\\maday\\PROJECTS\\E-CLASS-RECORD\\project02-main\\data_inserter.py', reloading
2025-09-13 10:11:39,020 - INFO -  * Restarting with stat
2025-09-13 10:11:39,725 - INFO -  * Detected change in 'c:\\Users\\maday\\PROJECTS\\E-CLASS-RECORD\\project02-main\\data_inserter.py', reloading
2025-09-13 10:11:39,819 - INFO -  * Restarting with stat
2025-09-13 10:11:39,821 - INFO - Flask application initialized with session configuration
2025-09-13 10:11:39,828 - INFO - Application startup initiated
2025-09-13 10:11:39,831 - INFO - Environment variables loaded from .env file
2025-09-13 10:11:39,831 - INFO - Database environment: local
2025-09-13 10:11:39,831 - INFO - Database URI configured for local: mysql+pymysql://root:***@localhost:3307/e_class_record
2025-09-13 10:11:39,945 - INFO - Database initialized with Flask app
2025-09-13 10:11:39,946 - INFO - Starting database initialization...
2025-09-13 10:11:39,946 - INFO - Testing database connection...
2025-09-13 10:11:39,961 - INFO - ✅ Database connection successful!
2025-09-13 10:11:39,962 - INFO - Creating database tables...
2025-09-13 10:11:40,019 - INFO - ✅ Database tables created successfully!
2025-09-13 10:11:40,019 - INFO - 🚀 Starting Flask application...
2025-09-13 10:11:40,052 - WARNING -  * Debugger is active!
2025-09-13 10:11:40,063 - INFO -  * Debugger PIN: 695-259-473
2025-09-13 10:11:40,708 - INFO - Flask application initialized with session configuration
2025-09-13 10:11:40,713 - INFO - Application startup initiated
2025-09-13 10:11:40,716 - INFO - Environment variables loaded from .env file
2025-09-13 10:11:40,716 - INFO - Database environment: local
2025-09-13 10:11:40,716 - INFO - Database URI configured for local: mysql+pymysql://root:***@localhost:3307/e_class_record
2025-09-13 10:11:40,812 - INFO - Database initialized with Flask app
2025-09-13 10:11:40,812 - INFO - Starting database initialization...
2025-09-13 10:11:40,812 - INFO - Testing database connection...
2025-09-13 10:11:40,824 - INFO - ✅ Database connection successful!
2025-09-13 10:11:40,824 - INFO - Creating database tables...
2025-09-13 10:11:40,861 - INFO - ✅ Database tables created successfully!
2025-09-13 10:11:40,861 - INFO - 🚀 Starting Flask application...
2025-09-13 10:11:40,881 - WARNING -  * Debugger is active!
2025-09-13 10:11:40,889 - INFO -  * Debugger PIN: 695-259-473
2025-09-13 10:11:52,315 - INFO -  * Detected change in 'C:\\Users\\maday\\PROJECTS\\E-CLASS-RECORD\\project02-main\\data_inserter.py', reloading
2025-09-13 10:11:52,410 - INFO -  * Restarting with stat
2025-09-13 10:11:53,111 - INFO -  * Detected change in 'c:\\Users\\maday\\PROJECTS\\E-CLASS-RECORD\\project02-main\\data_inserter.py', reloading
2025-09-13 10:11:53,187 - INFO - Flask application initialized with session configuration
2025-09-13 10:11:53,193 - INFO - Application startup initiated
2025-09-13 10:11:53,195 - INFO - Environment variables loaded from .env file
2025-09-13 10:11:53,196 - INFO - Database environment: local
2025-09-13 10:11:53,196 - INFO - Database URI configured for local: mysql+pymysql://root:***@localhost:3307/e_class_record
2025-09-13 10:11:53,212 - INFO -  * Restarting with stat
2025-09-13 10:11:53,313 - INFO - Database initialized with Flask app
2025-09-13 10:11:53,313 - INFO - Starting database initialization...
2025-09-13 10:11:53,313 - INFO - Testing database connection...
2025-09-13 10:11:53,327 - INFO - ✅ Database connection successful!
2025-09-13 10:11:53,327 - INFO - Creating database tables...
2025-09-13 10:11:53,390 - INFO - ✅ Database tables created successfully!
2025-09-13 10:11:53,390 - INFO - 🚀 Starting Flask application...
2025-09-13 10:11:53,422 - WARNING -  * Debugger is active!
2025-09-13 10:11:53,432 - INFO -  * Debugger PIN: 695-259-473
2025-09-13 10:11:54,039 - INFO - Flask application initialized with session configuration
2025-09-13 10:11:54,044 - INFO - Application startup initiated
2025-09-13 10:11:54,046 - INFO - Environment variables loaded from .env file
2025-09-13 10:11:54,046 - INFO - Database environment: local
2025-09-13 10:11:54,046 - INFO - Database URI configured for local: mysql+pymysql://root:***@localhost:3307/e_class_record
2025-09-13 10:11:54,141 - INFO - Database initialized with Flask app
2025-09-13 10:11:54,142 - INFO - Starting database initialization...
2025-09-13 10:11:54,142 - INFO - Testing database connection...
2025-09-13 10:11:54,155 - INFO - ✅ Database connection successful!
2025-09-13 10:11:54,155 - INFO - Creating database tables...
2025-09-13 10:11:54,192 - INFO - ✅ Database tables created successfully!
2025-09-13 10:11:54,192 - INFO - 🚀 Starting Flask application...
2025-09-13 10:11:54,215 - WARNING -  * Debugger is active!
2025-09-13 10:11:54,222 - INFO -  * Debugger PIN: 695-259-473
2025-09-13 10:12:11,726 - INFO - Flask application initialized with session configuration
2025-09-13 10:12:11,736 - INFO - Environment variables loaded from .env file
2025-09-13 10:12:11,737 - INFO - Database environment: local
2025-09-13 10:12:11,737 - INFO - Database URI configured for local: mysql+pymysql://root:***@localhost:3307/e_class_record
2025-09-13 10:12:11,852 - INFO - Database initialized with Flask app
2025-09-13 10:12:11,852 - INFO - Starting database initialization...
2025-09-13 10:12:11,852 - INFO - Testing database connection...
2025-09-13 10:12:11,865 - INFO - ✅ Database connection successful!
2025-09-13 10:12:11,865 - INFO - Creating database tables...
2025-09-13 10:12:11,904 - INFO - ✅ Database tables created successfully!
2025-09-13 10:12:31,902 - INFO -  * Detected change in 'c:\\Users\\maday\\PROJECTS\\E-CLASS-RECORD\\project02-main\\test_data_inserter.py', reloading
2025-09-13 10:12:31,997 - INFO -  * Detected change in 'C:\\Users\\maday\\PROJECTS\\E-CLASS-RECORD\\project02-main\\test_data_inserter.py', reloading
2025-09-13 10:12:32,011 - INFO -  * Restarting with stat
2025-09-13 10:12:32,113 - INFO -  * Restarting with stat
2025-09-13 10:12:32,934 - INFO - Flask application initialized with session configuration
2025-09-13 10:12:32,943 - INFO - Application startup initiated
2025-09-13 10:12:32,947 - INFO - Environment variables loaded from .env file
2025-09-13 10:12:32,947 - INFO - Database environment: local
2025-09-13 10:12:32,948 - INFO - Database URI configured for local: mysql+pymysql://root:***@localhost:3307/e_class_record
2025-09-13 10:12:33,026 - INFO - Flask application initialized with session configuration
2025-09-13 10:12:33,035 - INFO - Application startup initiated
2025-09-13 10:12:33,038 - INFO - Environment variables loaded from .env file
2025-09-13 10:12:33,039 - INFO - Database environment: local
2025-09-13 10:12:33,039 - INFO - Database URI configured for local: mysql+pymysql://root:***@localhost:3307/e_class_record
2025-09-13 10:12:33,077 - INFO - Database initialized with Flask app
2025-09-13 10:12:33,078 - INFO - Starting database initialization...
2025-09-13 10:12:33,078 - INFO - Testing database connection...
2025-09-13 10:12:33,114 - INFO - ✅ Database connection successful!
2025-09-13 10:12:33,114 - INFO - Creating database tables...
2025-09-13 10:12:33,160 - INFO - ✅ Database tables created successfully!
2025-09-13 10:12:33,160 - INFO - 🚀 Starting Flask application...
2025-09-13 10:12:33,172 - INFO - Database initialized with Flask app
2025-09-13 10:12:33,172 - INFO - Starting database initialization...
2025-09-13 10:12:33,173 - INFO - Testing database connection...
2025-09-13 10:12:33,186 - INFO - ✅ Database connection successful!
2025-09-13 10:12:33,186 - INFO - Creating database tables...
2025-09-13 10:12:33,187 - WARNING -  * Debugger is active!
2025-09-13 10:12:33,198 - INFO -  * Debugger PIN: 695-259-473
2025-09-13 10:12:33,221 - INFO - ✅ Database tables created successfully!
2025-09-13 10:12:33,221 - INFO - 🚀 Starting Flask application...
2025-09-13 10:12:33,245 - WARNING -  * Debugger is active!
2025-09-13 10:12:33,254 - INFO -  * Debugger PIN: 695-259-473
2025-09-13 10:12:48,615 - INFO - Flask application initialized with session configuration
2025-09-13 10:12:48,660 - INFO - Environment variables loaded from .env file
2025-09-13 10:12:48,660 - INFO - Database environment: local
2025-09-13 10:12:48,660 - INFO - Database URI configured for local: mysql+pymysql://root:***@localhost:3307/e_class_record
2025-09-13 10:12:48,818 - INFO - Database initialized with Flask app
2025-09-13 10:12:48,818 - INFO - Starting database initialization...
2025-09-13 10:12:48,818 - INFO - Testing database connection...
2025-09-13 10:12:48,833 - INFO - ✅ Database connection successful!
2025-09-13 10:12:48,834 - INFO - Creating database tables...
2025-09-13 10:12:48,877 - INFO - ✅ Database tables created successfully!
2025-09-13 10:12:48,881 - INFO - Environment variables loaded from .env file
2025-09-13 10:12:48,881 - INFO - Database environment: local
2025-09-13 10:12:48,881 - INFO - Database URI configured for local: mysql+pymysql://root:***@localhost:3307/e_class_record
2025-09-13 10:12:48,881 - INFO - Database already initialized with Flask app - skipping re-initialization
2025-09-13 10:12:48,881 - INFO - Starting database initialization...
2025-09-13 10:12:48,881 - INFO - Testing database connection...
2025-09-13 10:12:48,882 - INFO - ✅ Database connection successful!
2025-09-13 10:12:48,883 - INFO - Creating database tables...
2025-09-13 10:12:48,926 - INFO - ✅ Database tables created successfully!
2025-09-13 10:13:14,874 - INFO -  * Detected change in 'c:\\Users\\maday\\PROJECTS\\E-CLASS-RECORD\\project02-main\\test_data_inserter.py', reloading
2025-09-13 10:13:14,965 - INFO -  * Restarting with stat
2025-09-13 10:13:14,983 - INFO -  * Detected change in 'C:\\Users\\maday\\PROJECTS\\E-CLASS-RECORD\\project02-main\\test_data_inserter.py', reloading
2025-09-13 10:13:15,082 - INFO -  * Restarting with stat
2025-09-13 10:13:15,827 - INFO - Flask application initialized with session configuration
2025-09-13 10:13:15,833 - INFO - Application startup initiated
2025-09-13 10:13:15,835 - INFO - Environment variables loaded from .env file
2025-09-13 10:13:15,836 - INFO - Database environment: local
2025-09-13 10:13:15,836 - INFO - Database URI configured for local: mysql+pymysql://root:***@localhost:3307/e_class_record
2025-09-13 10:13:15,930 - INFO - Flask application initialized with session configuration
2025-09-13 10:13:15,937 - INFO - Application startup initiated
2025-09-13 10:13:15,940 - INFO - Environment variables loaded from .env file
2025-09-13 10:13:15,940 - INFO - Database environment: local
2025-09-13 10:13:15,941 - INFO - Database URI configured for local: mysql+pymysql://root:***@localhost:3307/e_class_record
2025-09-13 10:13:15,947 - INFO - Database initialized with Flask app
2025-09-13 10:13:15,947 - INFO - Starting database initialization...
2025-09-13 10:13:15,947 - INFO - Testing database connection...
2025-09-13 10:13:15,962 - INFO - ✅ Database connection successful!
2025-09-13 10:13:15,962 - INFO - Creating database tables...
2025-09-13 10:13:16,004 - INFO - ✅ Database tables created successfully!
2025-09-13 10:13:16,004 - INFO - 🚀 Starting Flask application...
2025-09-13 10:13:16,029 - WARNING -  * Debugger is active!
2025-09-13 10:13:16,037 - INFO -  * Debugger PIN: 695-259-473
2025-09-13 10:13:16,061 - INFO - Database initialized with Flask app
2025-09-13 10:13:16,061 - INFO - Starting database initialization...
2025-09-13 10:13:16,062 - INFO - Testing database connection...
2025-09-13 10:13:16,098 - INFO - ✅ Database connection successful!
2025-09-13 10:13:16,099 - INFO - Creating database tables...
2025-09-13 10:13:16,139 - INFO - ✅ Database tables created successfully!
2025-09-13 10:13:16,140 - INFO - 🚀 Starting Flask application...
2025-09-13 10:13:16,164 - WARNING -  * Debugger is active!
2025-09-13 10:13:16,171 - INFO -  * Debugger PIN: 695-259-473
2025-09-13 10:13:42,409 - INFO - Flask application initialized with session configuration
2025-09-13 10:13:42,416 - INFO - Environment variables loaded from .env file
2025-09-13 10:13:42,416 - INFO - Database environment: local
2025-09-13 10:13:42,417 - INFO - Database URI configured for local: mysql+pymysql://root:***@localhost:3307/e_class_record
2025-09-13 10:13:42,528 - INFO - Database initialized with Flask app
2025-09-13 10:13:42,528 - INFO - Starting database initialization...
2025-09-13 10:13:42,529 - INFO - Testing database connection...
2025-09-13 10:13:42,541 - INFO - ✅ Database connection successful!
2025-09-13 10:13:42,541 - INFO - Creating database tables...
2025-09-13 10:13:42,583 - INFO - ✅ Database tables created successfully!
2025-09-13 10:15:58,527 - INFO -  * Detected change in 'c:\\Users\\maday\\PROJECTS\\E-CLASS-RECORD\\project02-main\\test_data_inserter.py', reloading
2025-09-13 10:15:58,652 - INFO -  * Restarting with stat
2025-09-13 10:15:58,666 - INFO -  * Detected change in 'C:\\Users\\maday\\PROJECTS\\E-CLASS-RECORD\\project02-main\\test_data_inserter.py', reloading
2025-09-13 10:15:58,768 - INFO -  * Restarting with stat
2025-09-13 10:15:59,692 - INFO - Flask application initialized with session configuration
2025-09-13 10:15:59,700 - INFO - Application startup initiated
2025-09-13 10:15:59,702 - INFO - Environment variables loaded from .env file
2025-09-13 10:15:59,703 - INFO - Database environment: local
2025-09-13 10:15:59,703 - INFO - Database URI configured for local: mysql+pymysql://root:***@localhost:3307/e_class_record
2025-09-13 10:15:59,822 - INFO - Flask application initialized with session configuration
2025-09-13 10:15:59,830 - INFO - Database initialized with Flask app
2025-09-13 10:15:59,829 - INFO - Application startup initiated
2025-09-13 10:15:59,830 - INFO - Starting database initialization...
2025-09-13 10:15:59,830 - INFO - Testing database connection...
2025-09-13 10:15:59,832 - INFO - Environment variables loaded from .env file
2025-09-13 10:15:59,833 - INFO - Database environment: local
2025-09-13 10:15:59,833 - INFO - Database URI configured for local: mysql+pymysql://root:***@localhost:3307/e_class_record
2025-09-13 10:15:59,844 - INFO - ✅ Database connection successful!
2025-09-13 10:15:59,844 - INFO - Creating database tables...
2025-09-13 10:15:59,892 - INFO - ✅ Database tables created successfully!
2025-09-13 10:15:59,892 - INFO - 🚀 Starting Flask application...
2025-09-13 10:15:59,925 - WARNING -  * Debugger is active!
2025-09-13 10:15:59,934 - INFO -  * Debugger PIN: 695-259-473
2025-09-13 10:15:59,971 - INFO - Database initialized with Flask app
2025-09-13 10:15:59,971 - INFO - Starting database initialization...
2025-09-13 10:15:59,971 - INFO - Testing database connection...
2025-09-13 10:15:59,987 - INFO - ✅ Database connection successful!
2025-09-13 10:15:59,987 - INFO - Creating database tables...
2025-09-13 10:16:00,033 - INFO - ✅ Database tables created successfully!
2025-09-13 10:16:00,034 - INFO - 🚀 Starting Flask application...
2025-09-13 10:16:00,056 - WARNING -  * Debugger is active!
2025-09-13 10:16:00,063 - INFO -  * Debugger PIN: 695-259-473
2025-09-13 10:16:21,265 - INFO -  * Detected change in 'c:\\Users\\maday\\PROJECTS\\E-CLASS-RECORD\\project02-main\\data_inserter.py', reloading
2025-09-13 10:16:21,355 - INFO -  * Restarting with stat
2025-09-13 10:16:21,374 - INFO -  * Detected change in 'C:\\Users\\maday\\PROJECTS\\E-CLASS-RECORD\\project02-main\\data_inserter.py', reloading
2025-09-13 10:16:21,472 - INFO -  * Restarting with stat
2025-09-13 10:16:22,297 - INFO - Flask application initialized with session configuration
2025-09-13 10:16:22,304 - INFO - Application startup initiated
2025-09-13 10:16:22,306 - INFO - Environment variables loaded from .env file
2025-09-13 10:16:22,306 - INFO - Database environment: local
2025-09-13 10:16:22,306 - INFO - Database URI configured for local: mysql+pymysql://root:***@localhost:3307/e_class_record
2025-09-13 10:16:22,382 - INFO - Flask application initialized with session configuration
2025-09-13 10:16:22,390 - INFO - Application startup initiated
2025-09-13 10:16:22,392 - INFO - Environment variables loaded from .env file
2025-09-13 10:16:22,393 - INFO - Database environment: local
2025-09-13 10:16:22,393 - INFO - Database URI configured for local: mysql+pymysql://root:***@localhost:3307/e_class_record
2025-09-13 10:16:22,408 - INFO - Database initialized with Flask app
2025-09-13 10:16:22,409 - INFO - Starting database initialization...
2025-09-13 10:16:22,409 - INFO - Testing database connection...
2025-09-13 10:16:22,440 - INFO - ✅ Database connection successful!
2025-09-13 10:16:22,441 - INFO - Creating database tables...
2025-09-13 10:16:22,485 - INFO - ✅ Database tables created successfully!
2025-09-13 10:16:22,485 - INFO - 🚀 Starting Flask application...
2025-09-13 10:16:22,497 - INFO - Database initialized with Flask app
2025-09-13 10:16:22,497 - INFO - Starting database initialization...
2025-09-13 10:16:22,498 - INFO - Testing database connection...
2025-09-13 10:16:22,508 - WARNING -  * Debugger is active!
2025-09-13 10:16:22,511 - INFO - ✅ Database connection successful!
2025-09-13 10:16:22,511 - INFO - Creating database tables...
2025-09-13 10:16:22,516 - INFO -  * Debugger PIN: 695-259-473
2025-09-13 10:16:22,545 - INFO - ✅ Database tables created successfully!
2025-09-13 10:16:22,546 - INFO - 🚀 Starting Flask application...
2025-09-13 10:16:22,567 - WARNING -  * Debugger is active!
2025-09-13 10:16:22,574 - INFO -  * Debugger PIN: 695-259-473
2025-09-13 10:16:57,083 - INFO - Login page accessed with role: student
2025-09-13 10:16:57,133 - INFO - 127.0.0.1 - - [13/Sep/2025 10:16:57] "GET /login HTTP/1.1" 200 -
2025-09-13 10:16:57,279 - INFO - 127.0.0.1 - - [13/Sep/2025 10:16:57] "[36mGET /static/images/ccsict.png HTTP/1.1[0m" 304 -
2025-09-13 10:16:57,280 - INFO - 127.0.0.1 - - [13/Sep/2025 10:16:57] "[36mGET /static/images/isu.png HTTP/1.1[0m" 304 -
2025-09-13 10:16:58,836 - INFO - Admin login page accessed
2025-09-13 10:16:58,919 - INFO - 127.0.0.1 - - [13/Sep/2025 10:16:58] "GET /admin-login HTTP/1.1" 200 -
2025-09-13 10:16:58,964 - INFO - 127.0.0.1 - - [13/Sep/2025 10:16:58] "[36mGET /static/css/adminlogin.css HTTP/1.1[0m" 304 -
2025-09-13 10:17:10,138 - INFO - Admin login attempt for school ID: admin007
2025-09-13 10:17:10,263 - INFO - Admin admin007 logged in successfully
2025-09-13 10:17:10,266 - INFO - 127.0.0.1 - - [13/Sep/2025 10:17:10] "[32mPOST /admin-login HTTP/1.1[0m" 302 -
2025-09-13 10:17:10,281 - INFO - Admin dashboard accessed by admin007
2025-09-13 10:17:10,324 - INFO - 127.0.0.1 - - [13/Sep/2025 10:17:10] "GET /admin-dashboard HTTP/1.1" 200 -
2025-09-13 10:17:35,502 - INFO - Instructor created successfully: INST001 by admin admin007
2025-09-13 10:17:35,503 - INFO - 127.0.0.1 - - [13/Sep/2025 10:17:35] "POST /admin/create-instructor HTTP/1.1" 200 -
2025-09-13 10:17:40,357 - INFO - User admin007 (ID: 2) logged out
2025-09-13 10:17:40,358 - INFO - 127.0.0.1 - - [13/Sep/2025 10:17:40] "[32mGET /logout HTTP/1.1[0m" 302 -
2025-09-13 10:17:40,364 - INFO - Home page accessed
2025-09-13 10:17:40,373 - INFO - 127.0.0.1 - - [13/Sep/2025 10:17:40] "GET / HTTP/1.1" 200 -
2025-09-13 10:17:40,390 - INFO - 127.0.0.1 - - [13/Sep/2025 10:17:40] "[36mGET /static/css/styles.css HTTP/1.1[0m" 304 -
2025-09-13 10:17:40,392 - INFO - 127.0.0.1 - - [13/Sep/2025 10:17:40] "[36mGET /static/js/main.js HTTP/1.1[0m" 304 -
2025-09-13 10:17:40,396 - INFO - 127.0.0.1 - - [13/Sep/2025 10:17:40] "[36mGET /static/js/helpers.js HTTP/1.1[0m" 304 -
2025-09-13 10:17:40,398 - INFO - 127.0.0.1 - - [13/Sep/2025 10:17:40] "[36mGET /static/images/ccsict.png HTTP/1.1[0m" 304 -
2025-09-13 10:17:40,430 - INFO - 127.0.0.1 - - [13/Sep/2025 10:17:40] "[36mGET /static/images/isu.png HTTP/1.1[0m" 304 -
2025-09-13 10:17:42,325 - INFO - Login page accessed with role: student
2025-09-13 10:17:42,326 - INFO - 127.0.0.1 - - [13/Sep/2025 10:17:42] "GET /login HTTP/1.1" 200 -
2025-09-13 10:17:42,346 - INFO - 127.0.0.1 - - [13/Sep/2025 10:17:42] "[36mGET /static/images/isu.png HTTP/1.1[0m" 304 -
2025-09-13 10:17:42,348 - INFO - 127.0.0.1 - - [13/Sep/2025 10:17:42] "[36mGET /static/images/ccsict.png HTTP/1.1[0m" 304 -
2025-09-13 10:17:54,268 - INFO - Instructor login page accessed
2025-09-13 10:17:54,312 - INFO - 127.0.0.1 - - [13/Sep/2025 10:17:54] "GET /instructor-login HTTP/1.1" 200 -
2025-09-13 10:17:54,342 - INFO - 127.0.0.1 - - [13/Sep/2025 10:17:54] "[36mGET /static/css/instructorlogin.css HTTP/1.1[0m" 304 -
2025-09-13 10:18:04,535 - INFO - Instructor login attempt for school ID: INST001
2025-09-13 10:18:04,644 - INFO - Instructor INST001 logged in successfully
2025-09-13 10:18:04,646 - INFO - 127.0.0.1 - - [13/Sep/2025 10:18:04] "[32mPOST /instructor-login HTTP/1.1[0m" 302 -
2025-09-13 10:18:04,657 - INFO - Instructor dashboard accessed by INST001
2025-09-13 10:18:04,684 - INFO - 127.0.0.1 - - [13/Sep/2025 10:18:04] "GET /instructor-dashboard HTTP/1.1" 200 -
2025-09-13 10:18:06,415 - INFO - Instructor INST001 accessed class management
2025-09-13 10:18:09,326 - INFO - 127.0.0.1 - - [13/Sep/2025 10:18:09] "GET /instructor/classes HTTP/1.1" 200 -
2025-09-13 10:18:09,375 - INFO - Retrieved 0 classes for instructor INST001
2025-09-13 10:18:09,377 - INFO - 127.0.0.1 - - [13/Sep/2025 10:18:09] "GET /api/instructor/classes HTTP/1.1" 200 -
2025-09-13 10:18:17,215 - INFO - Instructor INST001 created class: 25-1 BSCS 1A
2025-09-13 10:18:17,218 - INFO - 127.0.0.1 - - [13/Sep/2025 10:18:17] "POST /api/instructor/classes HTTP/1.1" 200 -
2025-09-13 10:18:35,138 - INFO - Instructor INST001 created class: 25-2 BSIT 3A
2025-09-13 10:18:35,140 - INFO - 127.0.0.1 - - [13/Sep/2025 10:18:35] "POST /api/instructor/classes HTTP/1.1" 200 -
2025-09-13 10:18:53,692 - INFO - Instructor dashboard accessed by INST001
2025-09-13 10:18:53,694 - INFO - 127.0.0.1 - - [13/Sep/2025 10:18:53] "GET /instructor-dashboard HTTP/1.1" 200 -
2025-09-13 10:18:55,227 - INFO - User INST001 (ID: 9) logged out
2025-09-13 10:18:55,228 - INFO - 127.0.0.1 - - [13/Sep/2025 10:18:55] "[32mGET /logout HTTP/1.1[0m" 302 -
2025-09-13 10:18:55,239 - INFO - Home page accessed
2025-09-13 10:18:55,240 - INFO - 127.0.0.1 - - [13/Sep/2025 10:18:55] "GET / HTTP/1.1" 200 -
2025-09-13 10:18:55,256 - INFO - 127.0.0.1 - - [13/Sep/2025 10:18:55] "[36mGET /static/js/main.js HTTP/1.1[0m" 304 -
2025-09-13 10:18:55,256 - INFO - 127.0.0.1 - - [13/Sep/2025 10:18:55] "[36mGET /static/css/styles.css HTTP/1.1[0m" 304 -
2025-09-13 10:18:55,257 - INFO - 127.0.0.1 - - [13/Sep/2025 10:18:55] "[36mGET /static/js/helpers.js HTTP/1.1[0m" 304 -
2025-09-13 10:18:55,268 - INFO - 127.0.0.1 - - [13/Sep/2025 10:18:55] "[36mGET /static/images/ccsict.png HTTP/1.1[0m" 304 -
2025-09-13 10:18:55,280 - INFO - 127.0.0.1 - - [13/Sep/2025 10:18:55] "[36mGET /static/images/isu.png HTTP/1.1[0m" 304 -
2025-09-13 10:18:56,785 - INFO - Login page accessed with role: student
2025-09-13 10:18:56,786 - INFO - 127.0.0.1 - - [13/Sep/2025 10:18:56] "GET /login HTTP/1.1" 200 -
2025-09-13 10:18:56,811 - INFO - 127.0.0.1 - - [13/Sep/2025 10:18:56] "[36mGET /static/images/isu.png HTTP/1.1[0m" 304 -
2025-09-13 10:18:56,814 - INFO - 127.0.0.1 - - [13/Sep/2025 10:18:56] "[36mGET /static/images/ccsict.png HTTP/1.1[0m" 304 -
2025-09-13 10:18:58,481 - INFO - Student login page accessed
2025-09-13 10:18:58,523 - INFO - 127.0.0.1 - - [13/Sep/2025 10:18:58] "GET /student-login HTTP/1.1" 200 -
2025-09-13 10:18:58,552 - INFO - 127.0.0.1 - - [13/Sep/2025 10:18:58] "GET /static/css/studentlogin.css HTTP/1.1" 200 -
2025-09-13 10:19:03,336 - INFO - Index page accessed
2025-09-13 10:19:03,337 - INFO - 127.0.0.1 - - [13/Sep/2025 10:19:03] "GET /index HTTP/1.1" 200 -
2025-09-13 10:19:03,358 - INFO - 127.0.0.1 - - [13/Sep/2025 10:19:03] "[36mGET /static/css/styles.css HTTP/1.1[0m" 304 -
2025-09-13 10:19:03,358 - INFO - 127.0.0.1 - - [13/Sep/2025 10:19:03] "[36mGET /static/js/main.js HTTP/1.1[0m" 304 -
2025-09-13 10:19:03,360 - INFO - 127.0.0.1 - - [13/Sep/2025 10:19:03] "[36mGET /static/js/helpers.js HTTP/1.1[0m" 304 -
2025-09-13 10:19:03,368 - INFO - 127.0.0.1 - - [13/Sep/2025 10:19:03] "[36mGET /static/images/ccsict.png HTTP/1.1[0m" 304 -
2025-09-13 10:19:03,386 - INFO - 127.0.0.1 - - [13/Sep/2025 10:19:03] "[36mGET /static/images/isu.png HTTP/1.1[0m" 304 -
2025-09-13 10:19:04,953 - INFO - Registration page accessed
2025-09-13 10:19:05,020 - INFO - 127.0.0.1 - - [13/Sep/2025 10:19:05] "GET /register HTTP/1.1" 200 -
2025-09-13 10:19:07,900 - INFO - Registration page accessed
2025-09-13 10:19:07,901 - INFO - 127.0.0.1 - - [13/Sep/2025 10:19:07] "GET /register HTTP/1.1" 200 -
2025-09-13 10:19:45,933 - INFO - Registration form submitted
2025-09-13 10:19:46,074 - INFO - User registered successfully: 23-13333
2025-09-13 10:19:46,075 - INFO - 127.0.0.1 - - [13/Sep/2025 10:19:46] "[32mPOST /register HTTP/1.1[0m" 302 -
2025-09-13 10:19:46,082 - INFO - Login page accessed with role: student
2025-09-13 10:19:46,083 - INFO - 127.0.0.1 - - [13/Sep/2025 10:19:46] "GET /login HTTP/1.1" 200 -
2025-09-13 10:19:46,102 - INFO - 127.0.0.1 - - [13/Sep/2025 10:19:46] "[36mGET /static/images/isu.png HTTP/1.1[0m" 304 -
2025-09-13 10:19:46,102 - INFO - 127.0.0.1 - - [13/Sep/2025 10:19:46] "[36mGET /static/images/ccsict.png HTTP/1.1[0m" 304 -
2025-09-13 10:19:50,096 - INFO - Student login page accessed
2025-09-13 10:19:50,099 - INFO - 127.0.0.1 - - [13/Sep/2025 10:19:50] "GET /student-login HTTP/1.1" 200 -
2025-09-13 10:19:50,120 - INFO - 127.0.0.1 - - [13/Sep/2025 10:19:50] "[36mGET /static/css/studentlogin.css HTTP/1.1[0m" 304 -
2025-09-13 10:19:58,589 - INFO - Student login attempt for school ID: 23-13333
2025-09-13 10:19:58,699 - INFO - Student 23-13333 logged in successfully
2025-09-13 10:19:58,701 - INFO - 127.0.0.1 - - [13/Sep/2025 10:19:58] "[32mPOST /student-login HTTP/1.1[0m" 302 -
2025-09-13 10:19:58,713 - INFO - Student dashboard accessed by 23-13333
2025-09-13 10:19:58,808 - INFO - 127.0.0.1 - - [13/Sep/2025 10:19:58] "GET /student-dashboard HTTP/1.1" 200 -
2025-09-13 10:19:58,864 - INFO - Retrieved 0 joined classes for student 23-13333
2025-09-13 10:19:58,865 - INFO - 127.0.0.1 - - [13/Sep/2025 10:19:58] "GET /api/student/joined-classes HTTP/1.1" 200 -
2025-09-13 10:20:07,306 - INFO - Student 23-13333 joined class: 25-2 BSIT 3A
2025-09-13 10:20:07,308 - INFO - 127.0.0.1 - - [13/Sep/2025 10:20:07] "POST /api/student/join-class HTTP/1.1" 200 -
2025-09-13 10:20:07,325 - INFO - Retrieved 1 joined classes for student 23-13333
2025-09-13 10:20:07,327 - INFO - 127.0.0.1 - - [13/Sep/2025 10:20:07] "GET /api/student/joined-classes HTTP/1.1" 200 -
2025-09-13 10:20:38,955 - INFO - Student 23-13333 joined class: 25-1 BSCS 1A
2025-09-13 10:20:38,958 - INFO - 127.0.0.1 - - [13/Sep/2025 10:20:38] "POST /api/student/join-class HTTP/1.1" 200 -
2025-09-13 10:20:38,974 - INFO - Retrieved 2 joined classes for student 23-13333
2025-09-13 10:20:38,976 - INFO - 127.0.0.1 - - [13/Sep/2025 10:20:38] "GET /api/student/joined-classes HTTP/1.1" 200 -
2025-09-13 10:21:13,386 - INFO - Retrieved 2 joined classes for student 23-13333
2025-09-13 10:21:13,388 - INFO - 127.0.0.1 - - [13/Sep/2025 10:21:13] "GET /api/student/joined-classes HTTP/1.1" 200 -
2025-09-13 10:21:14,860 - INFO - Retrieved 2 joined classes for student 23-13333
2025-09-13 10:21:14,863 - INFO - 127.0.0.1 - - [13/Sep/2025 10:21:14] "GET /api/student/joined-classes HTTP/1.1" 200 -
2025-09-13 10:21:15,644 - INFO - Retrieved 2 joined classes for student 23-13333
2025-09-13 10:21:15,647 - INFO - 127.0.0.1 - - [13/Sep/2025 10:21:15] "GET /api/student/joined-classes HTTP/1.1" 200 -
2025-09-13 10:21:22,056 - INFO - Retrieved 2 joined classes for student 23-13333
2025-09-13 10:21:22,058 - INFO - 127.0.0.1 - - [13/Sep/2025 10:21:22] "GET /api/student/joined-classes HTTP/1.1" 200 -
2025-09-13 10:21:26,452 - INFO -  * Detected change in 'C:\\Users\\maday\\PROJECTS\\E-CLASS-RECORD\\project02-main\\data_inserter.py', reloading
2025-09-13 10:21:26,552 - INFO -  * Restarting with stat
2025-09-13 10:21:26,573 - INFO -  * Detected change in 'c:\\Users\\maday\\PROJECTS\\E-CLASS-RECORD\\project02-main\\data_inserter.py', reloading
2025-09-13 10:21:26,697 - INFO -  * Restarting with stat
2025-09-13 10:21:27,514 - INFO - Flask application initialized with session configuration
2025-09-13 10:21:27,521 - INFO - Application startup initiated
2025-09-13 10:21:27,524 - INFO - Environment variables loaded from .env file
2025-09-13 10:21:27,524 - INFO - Database environment: local
2025-09-13 10:21:27,524 - INFO - Database URI configured for local: mysql+pymysql://root:***@localhost:3307/e_class_record
2025-09-13 10:21:27,619 - INFO - Flask application initialized with session configuration
2025-09-13 10:21:27,629 - INFO - Application startup initiated
2025-09-13 10:21:27,632 - INFO - Environment variables loaded from .env file
2025-09-13 10:21:27,632 - INFO - Database environment: local
2025-09-13 10:21:27,632 - INFO - Database URI configured for local: mysql+pymysql://root:***@localhost:3307/e_class_record
2025-09-13 10:21:27,648 - INFO - Database initialized with Flask app
2025-09-13 10:21:27,649 - INFO - Starting database initialization...
2025-09-13 10:21:27,649 - INFO - Testing database connection...
2025-09-13 10:21:27,664 - INFO - ✅ Database connection successful!
2025-09-13 10:21:27,665 - INFO - Creating database tables...
2025-09-13 10:21:27,708 - INFO - ✅ Database tables created successfully!
2025-09-13 10:21:27,709 - INFO - 🚀 Starting Flask application...
2025-09-13 10:21:27,734 - WARNING -  * Debugger is active!
2025-09-13 10:21:27,743 - INFO -  * Debugger PIN: 695-259-473
2025-09-13 10:21:27,751 - INFO - Database initialized with Flask app
2025-09-13 10:21:27,751 - INFO - Starting database initialization...
2025-09-13 10:21:27,751 - INFO - Testing database connection...
2025-09-13 10:21:27,766 - INFO - ✅ Database connection successful!
2025-09-13 10:21:27,766 - INFO - Creating database tables...
2025-09-13 10:21:27,797 - INFO - ✅ Database tables created successfully!
2025-09-13 10:21:27,797 - INFO - 🚀 Starting Flask application...
2025-09-13 10:21:27,820 - WARNING -  * Debugger is active!
2025-09-13 10:21:27,826 - INFO -  * Debugger PIN: 695-259-473
2025-09-13 10:22:30,690 - INFO -  * Detected change in 'C:\\Users\\maday\\PROJECTS\\E-CLASS-RECORD\\project02-main\\data_inserter.py', reloading
2025-09-13 10:22:30,757 - INFO -  * Detected change in 'c:\\Users\\maday\\PROJECTS\\E-CLASS-RECORD\\project02-main\\data_inserter.py', reloading
2025-09-13 10:22:30,783 - INFO -  * Restarting with stat
2025-09-13 10:22:30,885 - INFO -  * Restarting with stat
